::1 - - [21/Jul/2017:17:05:05 +0800] "GET /articles/ HTTP/1.1" 500 26
::1 - - [21/Jul/2017:17:06:36 +0800] "GET /articles/ HTTP/1.1" 500 26
::1 - - [21/Jul/2017:17:08:45 +0800] "GET /articles/ HTTP/1.1" 200 14501
::1 - - [21/Jul/2017:17:08:50 +0800] "GET /articles/c%E8%AA%9E%E8%A8%80/ HTTP/1.1" 200 14185
::1 - - [21/Jul/2017:17:08:51 +0800] "GET /articles/c%E8%AA%9E%E8%A8%80/%E5%9F%BA%E6%9C%AC%E6%95%B8%E6%93%9A%E9%A1%9E%E5%9E%8B.md HTTP/1.1" 200 1562
::1 - - [21/Jul/2017:17:08:51 +0800] "GET /resources/css.css HTTP/1.1" 304 0
::1 - - [21/Jul/2017:17:11:06 +0800] "GET /articles/.git/ HTTP/1.1" 301 45
::1 - - [21/Jul/2017:17:11:06 +0800] "GET /articles/ HTTP/1.1" 200 14501
::1 - - [21/Jul/2017:17:11:07 +0800] "GET /articles/ HTTP/1.1" 200 14501
::1 - - [21/Jul/2017:17:11:08 +0800] "GET /articles/.gitignore HTTP/1.1" 301 45
::1 - - [21/Jul/2017:17:11:08 +0800] "GET /articles/ HTTP/1.1" 200 14501
::1 - - [21/Jul/2017:17:11:11 +0800] "GET /articles/ HTTP/1.1" 200 14501
::1 - - [21/Jul/2017:17:11:13 +0800] "GET /articles/README.md HTTP/1.1" 200 406
::1 - - [21/Jul/2017:17:11:15 +0800] "GET /articles/c%E8%AA%9E%E8%A8%80/ HTTP/1.1" 200 14185
::1 - - [21/Jul/2017:17:11:18 +0800] "GET /articles/js/ HTTP/1.1" 200 28281
::1 - - [21/Jul/2017:17:11:20 +0800] "GET /articles/js/you_dont_konw_js/ HTTP/1.1" 200 16697
::1 - - [21/Jul/2017:17:11:22 +0800] "GET /articles/js/you_dont_konw_js/you-do-not-know-js-s02-lexical-scope.md HTTP/1.1" 200 5142
::1 - - [21/Jul/2017:17:12:36 +0800] "GET /articles/js/you_dont_konw_js/you-dont-know-js-s08-prototype.md HTTP/1.1" 200 13130
::1 - - [21/Jul/2017:17:24:36 +0800] "GET /articles/js/you_dont_konw_js/you-dont-know-js-s08-prototype.md HTTP/1.1" 200 13249
::1 - - [21/Jul/2017:17:24:36 +0800] "GET /resources/prism/prism.css HTTP/1.1" 200 3073
::1 - - [21/Jul/2017:17:24:36 +0800] "GET /resources/prism/prism.js HTTP/1.1" 200 229971
::1 - - [21/Jul/2017:17:36:02 +0800] "GET / HTTP/1.1" 301 45
::1 - - [21/Jul/2017:17:36:02 +0800] "GET /articles/ HTTP/1.1" 200 14501
::1 - - [21/Jul/2017:17:36:30 +0800] "GET /markdown_files/ HTTP/1.1" 404 14
::1 - - [21/Jul/2017:17:37:09 +0800] "GET / HTTP/1.1" 301 45
::1 - - [21/Jul/2017:17:37:09 +0800] "GET /articles/ HTTP/1.1" 200 14501
::1 - - [21/Jul/2017:17:37:12 +0800] "GET /articles/js/ HTTP/1.1" 200 28281
::1 - - [21/Jul/2017:17:37:14 +0800] "GET /articles/js/angularjs%E5%86%85%E7%BD%AE%E8%BF%87%E6%BB%A4%E5%99%A8%E7%9A%84%E4%BD%BF%E7%94%A8%E5%AD%A6%E4%B9%A0.md HTTP/1.1" 200 4299
::1 - - [21/Jul/2017:17:37:14 +0800] "GET /resources/css.css HTTP/1.1" 200 3546
::1 - - [21/Jul/2017:17:37:14 +0800] "GET /resources/prism/prism.css HTTP/1.1" 200 3073
::1 - - [21/Jul/2017:17:37:14 +0800] "GET /resources/prism/prism.js HTTP/1.1" 200 229971
::1 - - [21/Jul/2017:17:37:22 +0800] "GET /articles/js/buffer-in-nodejs.md HTTP/1.1" 200 9646
::1 - - [21/Jul/2017:17:37:40 +0800] "GET /articles/js/buffer-in-nodejs.md HTTP/1.1" 200 9646
::1 - - [21/Jul/2017:17:37:55 +0800] "GET /articles/js/buffer-in-nodejs.md HTTP/1.1" 200 9646
::1 - - [21/Jul/2017:17:38:00 +0800] "GET /articles/js/buffer-in-nodejs.md HTTP/1.1" 200 9646
::1 - - [21/Jul/2017:17:38:24 +0800] "GET / HTTP/1.1" 301 45
::1 - - [21/Jul/2017:17:38:24 +0800] "GET /articles/ HTTP/1.1" 200 14501
::1 - - [21/Jul/2017:17:38:32 +0800] "GET / HTTP/1.1" 301 45
::1 - - [21/Jul/2017:17:38:32 +0800] "GET /articles/ HTTP/1.1" 200 1078
::1 - - [21/Jul/2017:21:36:35 +0800] "GET /articles/ HTTP/1.1" 200 14501
::1 - - [21/Jul/2017:21:36:37 +0800] "GET /articles/ HTTP/1.1" 200 14501
::1 - - [21/Jul/2017:21:36:39 +0800] "GET /articles/c%E8%AA%9E%E8%A8%80/ HTTP/1.1" 200 14185
::1 - - [21/Jul/2017:21:36:41 +0800] "GET /articles/js/ HTTP/1.1" 200 28281
::1 - - [21/Jul/2017:21:36:47 +0800] "GET /articles/js/writing-native-nodejs-modules.md HTTP/1.1" 200 14352
::1 - - [21/Jul/2017:21:36:47 +0800] "GET /resources/css.css HTTP/1.1" 304 0
::1 - - [21/Jul/2017:21:36:47 +0800] "GET /resources/prism/prism.css HTTP/1.1" 200 4882
::1 - - [21/Jul/2017:21:36:47 +0800] "GET /resources/prism/prism.js HTTP/1.1" 200 229975
::1 - - [21/Jul/2017:21:37:29 +0800] "GET /articles/js/data-structure-fee-view.md HTTP/1.1" 200 13644
::1 - - [21/Jul/2017:21:37:29 +0800] "GET /resources/prism/prism.css HTTP/1.1" 304 0
::1 - - [21/Jul/2017:21:37:30 +0800] "GET /resources/prism/prism.js HTTP/1.1" 304 0
::1 - - [21/Jul/2017:21:37:51 +0800] "GET /resources/prism/prism.css HTTP/1.1" 304 0
::1 - - [21/Jul/2017:21:37:51 +0800] "GET /resources/prism/prism.js HTTP/1.1" 304 0
::1 - - [21/Jul/2017:21:38:01 +0800] "GET /articles/js/%E4%BB%8E%E6%90%AD%E5%BB%BAhexo%E4%B8%AA%E4%BA%BA%E5%8D%9A%E5%AE%A2%E8%BF%87%E7%A8%8B%E4%B8%AD%E7%90%86%E8%A7%A3%E5%AD%A6%E4%B9%A0DNS%E8%A7%A3%E6%9E%90.md HTTP/1.1" 200 13437
::1 - - [21/Jul/2017:21:38:34 +0800] "GET /articles/js/deeper-understanding-of-async-await.md HTTP/1.1" 200 14158
::1 - - [21/Jul/2017:21:38:34 +0800] "GET /resources/prism/prism.js HTTP/1.1" 304 0
::1 - - [21/Jul/2017:21:38:34 +0800] "GET /resources/prism/prism.css HTTP/1.1" 304 0
::1 - - [21/Jul/2017:21:38:49 +0800] "GET /2016/07/24/promise%E5%92%8Cco%E6%90%AD%E9%85%8D%E7%94%9F%E6%88%90%E5%99%A8%E5%87%BD%E6%95%B0%E6%96%B9%E5%BC%8F%E8%A7%A3%E5%86%B3js%E4%BB%A3%E7%A0%81%E5%BC%82%E6%AD%A5%E6%B5%81%E7%A8%8B%E7%9A%84%E6%AF%94%E8%BE%83/ HTTP/1.1" 404 14
::1 - - [21/Jul/2017:21:40:46 +0800] "GET /articles/ HTTP/1.1" 200 14501
::1 - - [21/Jul/2017:21:40:53 +0800] "GET /articles/css/ HTTP/1.1" 200 12626
::1 - - [21/Jul/2017:21:40:55 +0800] "GET /articles/css/css%E5%9F%BA%E7%A1%80.md HTTP/1.1" 200 2067
::1 - - [21/Jul/2017:21:40:55 +0800] "GET /resources/css.css HTTP/1.1" 304 0
::1 - - [21/Jul/2017:21:40:55 +0800] "GET /resources/prism/prism.css HTTP/1.1" 200 4882
::1 - - [21/Jul/2017:21:40:55 +0800] "GET /resources/prism/prism.js HTTP/1.1" 200 229975
::1 - - [21/Jul/2017:21:41:03 +0800] "GET /articles/css/%E7%9B%92%E5%AD%90%E6%A8%A1%E5%9E%8B.md HTTP/1.1" 200 3684
::1 - - [21/Jul/2017:21:41:14 +0800] "GET /articles/css/%E7%9B%92%E5%AD%90%E6%A8%A1%E5%9E%8B.md HTTP/1.1" 200 3684
::1 - - [21/Jul/2017:21:41:14 +0800] "GET /resources/css.css HTTP/1.1" 304 0
::1 - - [21/Jul/2017:21:41:14 +0800] "GET /resources/prism/prism.css HTTP/1.1" 304 0
::1 - - [21/Jul/2017:21:41:14 +0800] "GET /resources/prism/prism.js HTTP/1.1" 304 0
::1 - - [21/Jul/2017:21:41:16 +0800] "GET /articles/css/%E7%9B%92%E5%AD%90%E6%A8%A1%E5%9E%8B.md HTTP/1.1" 200 3684
::1 - - [21/Jul/2017:21:41:16 +0800] "GET /resources/css.css HTTP/1.1" 304 0
::1 - - [21/Jul/2017:21:41:16 +0800] "GET /resources/prism/prism.js HTTP/1.1" 304 0
::1 - - [21/Jul/2017:21:41:16 +0800] "GET /resources/prism/prism.css HTTP/1.1" 304 0
::1 - - [21/Jul/2017:21:41:18 +0800] "GET /articles/css/%E7%9B%92%E5%AD%90%E6%A8%A1%E5%9E%8B.md HTTP/1.1" 200 3684
::1 - - [21/Jul/2017:21:41:18 +0800] "GET /resources/css.css HTTP/1.1" 304 0
::1 - - [21/Jul/2017:21:41:18 +0800] "GET /resources/prism/prism.css HTTP/1.1" 304 0
::1 - - [21/Jul/2017:21:41:18 +0800] "GET /resources/prism/prism.js HTTP/1.1" 304 0
::1 - - [21/Jul/2017:21:41:22 +0800] "GET /articles/css/%E7%9B%92%E5%AD%90%E6%A8%A1%E5%9E%8B.md HTTP/1.1" 200 3684
::1 - - [21/Jul/2017:21:41:22 +0800] "GET /resources/css.css HTTP/1.1" 304 0
::1 - - [21/Jul/2017:21:41:22 +0800] "GET /resources/prism/prism.js HTTP/1.1" 304 0
::1 - - [21/Jul/2017:21:41:22 +0800] "GET /resources/prism/prism.css HTTP/1.1" 304 0
::1 - - [21/Jul/2017:21:41:23 +0800] "GET /articles/css/%E7%9B%92%E5%AD%90%E6%A8%A1%E5%9E%8B.md HTTP/1.1" 200 3684
::1 - - [21/Jul/2017:21:41:23 +0800] "GET /resources/css.css HTTP/1.1" 304 0
::1 - - [21/Jul/2017:21:41:23 +0800] "GET /resources/prism/prism.css HTTP/1.1" 304 0
::1 - - [21/Jul/2017:21:41:23 +0800] "GET /resources/prism/prism.js HTTP/1.1" 304 0
::1 - - [21/Jul/2017:21:41:27 +0800] "GET /articles/css/%E7%9B%92%E5%AD%90%E6%A8%A1%E5%9E%8B.md HTTP/1.1" 200 3684
::1 - - [21/Jul/2017:21:41:27 +0800] "GET /resources/css.css HTTP/1.1" 304 0
::1 - - [21/Jul/2017:21:41:27 +0800] "GET /resources/prism/prism.css HTTP/1.1" 304 0
::1 - - [21/Jul/2017:21:41:27 +0800] "GET /resources/prism/prism.js HTTP/1.1" 304 0
::1 - - [21/Jul/2017:21:41:29 +0800] "GET /articles/css/%E7%9B%92%E5%AD%90%E6%A8%A1%E5%9E%8B.md HTTP/1.1" 200 3684
::1 - - [21/Jul/2017:21:41:29 +0800] "GET /resources/css.css HTTP/1.1" 304 0
::1 - - [21/Jul/2017:21:41:29 +0800] "GET /resources/prism/prism.css HTTP/1.1" 304 0
::1 - - [21/Jul/2017:21:41:29 +0800] "GET /resources/prism/prism.js HTTP/1.1" 304 0
::1 - - [22/Jul/2017:12:12:48 +0800] "GET / HTTP/1.1" 301 45
::1 - - [22/Jul/2017:12:12:48 +0800] "GET /articles/ HTTP/1.1" 200 14501
::1 - - [22/Jul/2017:12:12:48 +0800] "GET /favicon.ico HTTP/1.1" 404 14
::1 - - [22/Jul/2017:12:13:09 +0800] "GET /articles/ HTTP/1.1" 200 14501
::1 - - [22/Jul/2017:12:13:11 +0800] "GET /articles/ HTTP/1.1" 200 14501
::1 - - [22/Jul/2017:12:13:12 +0800] "GET /articles/ HTTP/1.1" 200 14501
::1 - - [22/Jul/2017:12:13:12 +0800] "GET /articles/ HTTP/1.1" 200 14501
::1 - - [22/Jul/2017:12:13:25 +0800] "GET /articles/NetWork/ HTTP/1.1" 200 12254
::1 - - [22/Jul/2017:12:13:27 +0800] "GET /articles/NetWork/HTTP%E5%8D%8F%E8%AE%AE.md HTTP/1.1" 200 9345
::1 - - [22/Jul/2017:12:13:27 +0800] "GET /resources/css.css HTTP/1.1" 200 3546
::1 - - [22/Jul/2017:12:13:27 +0800] "GET /resources/prism/prism.css HTTP/1.1" 200 4882
::1 - - [22/Jul/2017:12:13:27 +0800] "GET /resources/prism/prism.js HTTP/1.1" 200 229975
::1 - - [22/Jul/2017:12:14:38 +0800] "GET /articles/README.md HTTP/1.1" 200 525
::1 - - [22/Jul/2017:12:14:45 +0800] "GET /articles/js/ HTTP/1.1" 200 28281
::1 - - [22/Jul/2017:12:14:53 +0800] "GET /articles/NetWork/ HTTP/1.1" 200 12254
::1 - - [22/Jul/2017:12:15:35 +0800] "GET /articles/ HTTP/1.1" 200 14501
::1 - - [22/Jul/2017:12:16:00 +0800] "GET /articles/c%E8%AA%9E%E8%A8%80/ HTTP/1.1" 200 14185
::1 - - [22/Jul/2017:12:16:01 +0800] "GET /articles/c%E8%AA%9E%E8%A8%80/%E5%B1%80%E9%83%A8%E8%AE%8A%E9%87%8F%E8%88%87%E5%85%A8%E5%B1%80%E8%AE%8A%E9%87%8F.md HTTP/1.1" 200 1766
::1 - - [22/Jul/2017:12:16:25 +0800] "GET /articles/NetWork/ HTTP/1.1" 200 12254
::1 - - [22/Jul/2017:12:19:26 +0800] "GET /articles/ HTTP/1.1" 200 14501
::1 - - [22/Jul/2017:12:22:38 +0800] "GET /articles/.gitignore HTTP/1.1" 301 45
::1 - - [22/Jul/2017:12:22:38 +0800] "GET /articles/ HTTP/1.1" 200 14501
::1 - - [22/Jul/2017:12:22:40 +0800] "GET /articles/ HTTP/1.1" 200 14501
::1 - - [22/Jul/2017:12:22:40 +0800] "GET /articles/ HTTP/1.1" 200 14501
::1 - - [22/Jul/2017:12:23:00 +0800] "GET /articles/.gitignore HTTP/1.1" 301 45
::1 - - [22/Jul/2017:12:23:00 +0800] "GET /articles/ HTTP/1.1" 200 14501
::1 - - [22/Jul/2017:12:23:33 +0800] "GET /articles/%E8%AE%A1%E7%AE%97%E6%9C%BA%E7%B3%BB%E7%BB%9F/ HTTP/1.1" 200 13702
::1 - - [22/Jul/2017:12:23:35 +0800] "GET /articles/%E8%AE%A1%E7%AE%97%E6%9C%BA%E7%B3%BB%E7%BB%9F/%E8%AE%A1%E7%AE%97%E6%9C%BA%E7%B3%BB%E7%BB%9F%E6%BC%AB%E6%B8%B8.md HTTP/1.1" 200 7225
::1 - - [22/Jul/2017:12:23:40 +0800] "GET /articles/%E8%AE%A1%E7%AE%97%E6%9C%BA%E7%B3%BB%E7%BB%9F/0.1+0.2%E4%B8%BA%E4%BB%80%E4%B9%88%E4%B8%8D%E7%AD%89%E4%BA%8E0.3.md HTTP/1.1" 200 12409
::1 - - [22/Jul/2017:12:24:36 +0800] "GET /articles/%E8%AE%A1%E7%AE%97%E6%9C%BA%E7%B3%BB%E7%BB%9F/0.1+0.2%E4%B8%BA%E4%BB%80%E4%B9%88%E4%B8%8D%E7%AD%89%E4%BA%8E0.3.md HTTP/1.1" 200 12467
::1 - - [22/Jul/2017:12:24:53 +0800] "GET /articles/%E8%AE%A1%E7%AE%97%E6%9C%BA%E7%B3%BB%E7%BB%9F/0.1+0.2%E4%B8%BA%E4%BB%80%E4%B9%88%E4%B8%8D%E7%AD%89%E4%BA%8E0.3.md HTTP/1.1" 200 12467
::1 - - [22/Jul/2017:12:25:43 +0800] "GET /articles/%E8%AE%A1%E7%AE%97%E6%9C%BA%E7%B3%BB%E7%BB%9F/0.1+0.2%E4%B8%BA%E4%BB%80%E4%B9%88%E4%B8%8D%E7%AD%89%E4%BA%8E0.3.md HTTP/1.1" 200 12459
::1 - - [22/Jul/2017:12:25:56 +0800] "GET /articles/js/ HTTP/1.1" 200 28281
::1 - - [22/Jul/2017:12:26:01 +0800] "GET /articles/js/deeper-understanding-of-async-await.md HTTP/1.1" 200 14208
::1 - - [22/Jul/2017:12:29:00 +0800] "GET /articles/js/deeper-understanding-of-async-await.md HTTP/1.1" 200 14208
::1 - - [22/Jul/2017:12:29:22 +0800] "GET /articles/js/deeper-understanding-of-async-await.md HTTP/1.1" 200 14260
::1 - - [22/Jul/2017:12:29:39 +0800] "GET /articles/js/deeper-understanding-of-async-await.md HTTP/1.1" 200 14144
::1 - - [24/Jul/2017:10:59:45 +0800] "GET /articles/ HTTP/1.1" 200 14846
::1 - - [24/Jul/2017:10:59:45 +0800] "GET /favicon.ico HTTP/1.1" 404 14
::1 - - [24/Jul/2017:10:59:50 +0800] "GET /articles/css/ HTTP/1.1" 200 12626
::1 - - [24/Jul/2017:10:59:51 +0800] "GET /articles/css/css%E5%9F%BA%E7%A1%80.md HTTP/1.1" 200 1943
::1 - - [24/Jul/2017:10:59:51 +0800] "GET /resources/css.css HTTP/1.1" 304 0
::1 - - [24/Jul/2017:10:59:51 +0800] "GET /resources/prism/prism.js HTTP/1.1" 304 0
::1 - - [24/Jul/2017:10:59:51 +0800] "GET /resources/prism/prism.css HTTP/1.1" 304 0
::1 - - [24/Jul/2017:11:00:15 +0800] "GET /articles/css/%E7%9B%92%E5%AD%90%E6%A8%A1%E5%9E%8B.md HTTP/1.1" 200 3557
::1 - - [24/Jul/2017:11:00:32 +0800] "GET /articles/ HTTP/1.1" 200 14846
::1 - - [24/Jul/2017:11:00:34 +0800] "GET /articles/js/ HTTP/1.1" 200 28281
::1 - - [24/Jul/2017:11:00:36 +0800] "GET /articles/ HTTP/1.1" 200 14846
::1 - - [24/Jul/2017:11:00:40 +0800] "GET /articles/%E8%AE%A1%E7%AE%97%E6%9C%BA%E7%B3%BB%E7%BB%9F/ HTTP/1.1" 200 13702
::1 - - [24/Jul/2017:11:00:41 +0800] "GET /articles/%E8%AE%A1%E7%AE%97%E6%9C%BA%E7%B3%BB%E7%BB%9F/%E8%AE%A1%E7%AE%97%E6%9C%BA%E7%B3%BB%E7%BB%9F%E6%BC%AB%E6%B8%B8.md HTTP/1.1" 200 7077
::1 - - [24/Jul/2017:11:01:36 +0800] "GET /articles/%E8%AE%A1%E7%AE%97%E6%9C%BA%E7%B3%BB%E7%BB%9F/%E4%BF%A1%E6%81%AF%E7%9A%84%E8%A1%A8%E7%A4%BA%E4%B8%8E%E5%A4%84%E7%90%86.md HTTP/1.1" 200 3204
::1 - - [24/Jul/2017:11:02:22 +0800] "GET /articles/NetWork/ HTTP/1.1" 200 12254
::1 - - [24/Jul/2017:11:02:24 +0800] "GET /articles/NetWork/HTTP%E5%8D%8F%E8%AE%AE.md HTTP/1.1" 200 9331
::1 - - [24/Jul/2017:15:08:12 +0800] "GET / HTTP/1.1" 301 45
::1 - - [24/Jul/2017:15:08:12 +0800] "GET /articles/ HTTP/1.1" 200 14501
::1 - - [24/Jul/2017:15:08:12 +0800] "GET /favicon.ico HTTP/1.1" 404 14
::1 - - [24/Jul/2017:15:08:16 +0800] "GET /articles/js/ HTTP/1.1" 200 28281
::1 - - [24/Jul/2017:15:08:17 +0800] "GET /articles/js/30%E5%88%86%E9%92%9F%E5%AD%A6%E4%BC%9AAWK.md HTTP/1.1" 200 40810
::1 - - [24/Jul/2017:15:08:17 +0800] "GET /resources/css.css HTTP/1.1" 304 0
::1 - - [24/Jul/2017:15:08:17 +0800] "GET /resources/prism/prism.css HTTP/1.1" 200 4882
::1 - - [24/Jul/2017:15:08:17 +0800] "GET /resources/prism/prism.js HTTP/1.1" 200 229975
::1 - - [24/Jul/2017:15:08:20 +0800] "GET /articles/js/angularjs%E5%86%85%E7%BD%AE%E8%BF%87%E6%BB%A4%E5%99%A8%E7%9A%84%E4%BD%BF%E7%94%A8%E5%AD%A6%E4%B9%A0.md HTTP/1.1" 200 3933
::1 - - [24/Jul/2017:15:13:15 +0800] "GET /articles/js/angularjs%E5%86%85%E7%BD%AE%E8%BF%87%E6%BB%A4%E5%99%A8%E7%9A%84%E4%BD%BF%E7%94%A8%E5%AD%A6%E4%B9%A0.md HTTP/1.1" 200 3933
::1 - - [24/Jul/2017:15:13:31 +0800] "GET /articles/js/angularjs%E5%86%85%E7%BD%AE%E8%BF%87%E6%BB%A4%E5%99%A8%E7%9A%84%E4%BD%BF%E7%94%A8%E5%AD%A6%E4%B9%A0.md HTTP/1.1" 200 3924
::1 - - [24/Jul/2017:15:13:39 +0800] "GET /articles/js/data-structure-fee-view.md HTTP/1.1" 200 13370
::1 - - [24/Jul/2017:15:13:44 +0800] "GET /articles/js/difference-of-node-mongodb-native-and-shell-in-capped-collection.md HTTP/1.1" 200 6156
::1 - - [24/Jul/2017:15:13:57 +0800] "GET /articles/js/%E4%BB%8E%E6%90%AD%E5%BB%BAhexo%E4%B8%AA%E4%BA%BA%E5%8D%9A%E5%AE%A2%E8%BF%87%E7%A8%8B%E4%B8%AD%E7%90%86%E8%A7%A3%E5%AD%A6%E4%B9%A0DNS%E8%A7%A3%E6%9E%90.md HTTP/1.1" 200 13076
::1 - - [24/Jul/2017:15:21:49 +0800] "GET /articles/NetWork/?sort=name&order=asc HTTP/1.1" 200 12527
::1 - - [24/Jul/2017:15:21:51 +0800] "GET /articles/NetWork/HTTP%E5%8D%8F%E8%AE%AE.md HTTP/1.1" 200 9195
